15:16:45 **** Incremental Build of configuration Debug for project 1404-Reveil_Matrice_STM ****
make -j16 all 
arm-none-eabi-gcc "../Core/Src/main.c" -mcpu=cortex-m0 -std=gnu11 -g3 -DDEBUG -DUSE_HAL_DRIVER -DSTM32F042x6 -c -I"C:/Users/alyvasseur/Education Vaud/ETML_FLO-22-24_Teams - Vasseur/MicroControleur/Rainbow-Reveil/STM32/1404-Reveil_Matrice_STM/Core/Library/Inc" -I"C:/Users/alyvasseur/Education Vaud/ETML_FLO-22-24_Teams - Vasseur/MicroControleur/Rainbow-Reveil/STM32/1404-Reveil_Matrice_STM/Core/Inc" -I"C:/Users/alyvasseur/Education Vaud/ETML_FLO-22-24_Teams - Vasseur/MicroControleur/Rainbow-Reveil/STM32/1404-Reveil_Matrice_STM/Drivers/STM32F0xx_HAL_Driver/Inc" -I"C:/Users/alyvasseur/Education Vaud/ETML_FLO-22-24_Teams - Vasseur/MicroControleur/Rainbow-Reveil/STM32/1404-Reveil_Matrice_STM/Drivers/STM32F0xx_HAL_Driver/Inc/Legacy" -I"C:/Users/alyvasseur/Education Vaud/ETML_FLO-22-24_Teams - Vasseur/MicroControleur/Rainbow-Reveil/STM32/1404-Reveil_Matrice_STM/Drivers/CMSIS/Include" -I"C:/Users/alyvasseur/Education Vaud/ETML_FLO-22-24_Teams - Vasseur/MicroControleur/Rainbow-Reveil/STM32/1404-Reveil_Matrice_STM/Drivers/CMSIS/Device/ST/STM32F0xx/Include" -I../Core/Inc -I../Drivers/STM32F0xx_HAL_Driver/Inc -I../Drivers/STM32F0xx_HAL_Driver/Inc/Legacy -I../Drivers/CMSIS/Device/ST/STM32F0xx/Include -I../Drivers/CMSIS/Include -O0 -ffunction-sections -fdata-sections -Wall -fstack-usage -fcyclomatic-complexity -MMD -MP -MF"Core/Src/main.d" -MT"Core/Src/main.o" --specs=nano.specs -mfloat-abi=soft -mthumb -o "Core/Src/main.o"
arm-none-eabi-gcc -o "1404-Reveil_Matrice_STM.elf" @"objects.list"   -mcpu=cortex-m0 -T"C:\Users\alyvasseur\Education Vaud\ETML_FLO-22-24_Teams - Vasseur\MicroControleur\Rainbow-Reveil\STM32\1404-Reveil_Matrice_STM\STM32F042K6TX_FLASH.ld" --specs=nosys.specs -Wl,-Map="1404-Reveil_Matrice_STM.map" -Wl,--gc-sections -static --specs=nano.specs -mfloat-abi=soft -mthumb -Wl,--start-group -lc -lm -Wl,--end-group
Finished building target: 1404-Reveil_Matrice_STM.elf
 
arm-none-eabi-size   1404-Reveil_Matrice_STM.elf 
arm-none-eabi-objdump -h -S  1404-Reveil_Matrice_STM.elf  > "1404-Reveil_Matrice_STM.list"
   text	   data	    bss	    dec	    hex	filename
  23060	    120	   4688	  27868	   6cdc	1404-Reveil_Matrice_STM.elf
Finished building: default.size.stdout
 
Finished building: 1404-Reveil_Matrice_STM.list
 
15:16:47 **** Incremental Build of configuration Debug for project 1404-Reveil_Matrice_STM ****
make -j16 all 
arm-none-eabi-size   1404-Reveil_Matrice_STM.elf 
   text	   data	    bss	    dec	    hex	filename
  23060	    120	   4688	  27868	   6cdc	1404-Reveil_Matrice_STM.elf
Finished building: default.size.stdout
 
15:16:51 **** Incremental Build of configuration Debug for project 1404-Reveil_Matrice_STM ****
make -j16 all 
arm-none-eabi-size   1404-Reveil_Matrice_STM.elf 
   text	   data	    bss	    dec	    hex	filename
  23060	    120	   4688	  27868	   6cdc	1404-Reveil_Matrice_STM.elf
Finished building: default.size.stdout
 
